0 info it worked if it ends with ok
1 verbose cli [ '/usr/bin/nodejs', '/usr/bin/npm', 'install', '-g', 'grunt-cli' ]
2 info using npm@1.4.21
3 info using node@v0.10.29
4 verbose cache add [ 'grunt-cli', null ]
5 verbose cache add name=undefined spec="grunt-cli" args=["grunt-cli",null]
6 verbose parsed url { protocol: null,
6 verbose parsed url   slashes: null,
6 verbose parsed url   auth: null,
6 verbose parsed url   host: null,
6 verbose parsed url   port: null,
6 verbose parsed url   hostname: null,
6 verbose parsed url   hash: null,
6 verbose parsed url   search: null,
6 verbose parsed url   query: null,
6 verbose parsed url   pathname: 'grunt-cli',
6 verbose parsed url   path: 'grunt-cli',
6 verbose parsed url   href: 'grunt-cli' }
7 silly lockFile 671ef8ac-grunt-cli grunt-cli
8 verbose lock grunt-cli /root/.npm/671ef8ac-grunt-cli.lock
9 silly lockFile 671ef8ac-grunt-cli grunt-cli
10 silly lockFile 671ef8ac-grunt-cli grunt-cli
11 verbose addNamed [ 'grunt-cli', '' ]
12 verbose addNamed [ null, '*' ]
13 silly lockFile d63f3d0b-grunt-cli grunt-cli@
14 verbose lock grunt-cli@ /root/.npm/d63f3d0b-grunt-cli.lock
15 silly addNameRange { name: 'grunt-cli', range: '*', hasData: false }
16 verbose request where is /grunt-cli
17 verbose request registry https://registry.npmjs.org/
18 verbose request id 56ff413cfafd92ab
19 verbose url raw /grunt-cli
20 verbose url resolving [ 'https://registry.npmjs.org/', './grunt-cli' ]
21 verbose url resolved https://registry.npmjs.org/grunt-cli
22 verbose request where is https://registry.npmjs.org/grunt-cli
23 info trying registry request attempt 1 at 13:28:43
24 verbose etag W/"59341c93-80fe"
25 http GET https://registry.npmjs.org/grunt-cli
26 http 304 https://registry.npmjs.org/grunt-cli
27 silly registry.get cb [ 304,
27 silly registry.get   { date: 'Mon, 12 Jun 2017 13:28:43 GMT',
27 silly registry.get     via: '1.1 varnish',
27 silly registry.get     'cache-control': 'max-age=300',
27 silly registry.get     etag: 'W/"59341c93-80fe"',
27 silly registry.get     age: '0',
27 silly registry.get     connection: 'keep-alive',
27 silly registry.get     'x-served-by': 'cache-fra1232-FRA',
27 silly registry.get     'x-cache': 'HIT',
27 silly registry.get     'x-cache-hits': '1',
27 silly registry.get     'x-timer': 'S1497274123.167257,VS0,VE19',
27 silly registry.get     vary: 'Accept-Encoding' } ]
28 verbose etag https://registry.npmjs.org/grunt-cli from cache
29 silly addNameRange number 2 { name: 'grunt-cli', range: '*', hasData: true }
30 silly addNameRange versions [ 'grunt-cli',
30 silly addNameRange   [ '0.1.0',
30 silly addNameRange     '0.1.1',
30 silly addNameRange     '0.1.2',
30 silly addNameRange     '0.1.3',
30 silly addNameRange     '0.1.4',
30 silly addNameRange     '0.1.5',
30 silly addNameRange     '0.1.6',
30 silly addNameRange     '0.1.7',
30 silly addNameRange     '0.1.8',
30 silly addNameRange     '0.1.9',
30 silly addNameRange     '0.1.10',
30 silly addNameRange     '0.1.11',
30 silly addNameRange     '0.1.12',
30 silly addNameRange     '0.1.13',
30 silly addNameRange     '1.0.0-rc1',
30 silly addNameRange     '1.0.0',
30 silly addNameRange     '1.0.1',
30 silly addNameRange     '1.1.0',
30 silly addNameRange     '1.2.0' ] ]
31 verbose addNamed [ 'grunt-cli', '1.2.0' ]
32 verbose addNamed [ '1.2.0', '1.2.0' ]
33 silly lockFile 923e46ff-grunt-cli-1-2-0 grunt-cli@1.2.0
34 verbose lock grunt-cli@1.2.0 /root/.npm/923e46ff-grunt-cli-1-2-0.lock
35 silly lockFile 923e46ff-grunt-cli-1-2-0 grunt-cli@1.2.0
36 silly lockFile 923e46ff-grunt-cli-1-2-0 grunt-cli@1.2.0
37 silly lockFile d63f3d0b-grunt-cli grunt-cli@
38 silly lockFile d63f3d0b-grunt-cli grunt-cli@
39 silly resolved [ { name: 'grunt-cli',
39 silly resolved     description: 'The grunt command line interface',
39 silly resolved     version: '1.2.0',
39 silly resolved     author:
39 silly resolved      { name: 'Grunt Development Team',
39 silly resolved        url: 'http://gruntjs.com/development-team' },
39 silly resolved     repository:
39 silly resolved      { type: 'git',
39 silly resolved        url: 'git+https://github.com/gruntjs/grunt-cli.git' },
39 silly resolved     license: 'MIT',
39 silly resolved     engines: { node: '>=0.10.0' },
39 silly resolved     scripts: { test: 'node bin/grunt test' },
39 silly resolved     bin: { grunt: 'bin/grunt' },
39 silly resolved     dependencies:
39 silly resolved      { 'findup-sync': '~0.3.0',
39 silly resolved        'grunt-known-options': '~1.1.0',
39 silly resolved        nopt: '~3.0.6',
39 silly resolved        resolve: '~1.1.0' },
39 silly resolved     devDependencies: { grunt: '~0.4.5', 'grunt-contrib-jshint': '~1.0.0' },
39 silly resolved     files: [ 'bin', 'completion', 'lib' ],
39 silly resolved     appveyor_id: 'prp6g944b05jsq6d',
39 silly resolved     contributors: [ [Object], [Object], [Object], [Object] ],
39 silly resolved     gitHead: 'edd8bd29a72f2f28b63fe2629fcb7b9d9f2feb46',
39 silly resolved     bugs: { url: 'https://github.com/gruntjs/grunt-cli/issues' },
39 silly resolved     homepage: 'https://github.com/gruntjs/grunt-cli#readme',
39 silly resolved     _id: 'grunt-cli@1.2.0',
39 silly resolved     _shasum: '562b119ebb069ddb464ace2845501be97b35b6a8',
39 silly resolved     _from: 'grunt-cli@',
39 silly resolved     _npmVersion: '3.8.2',
39 silly resolved     _nodeVersion: '4.2.3',
39 silly resolved     _npmUser: { name: 'vladikoff', email: 'vlad@vladikoff.com' },
39 silly resolved     dist:
39 silly resolved      { shasum: '562b119ebb069ddb464ace2845501be97b35b6a8',
39 silly resolved        tarball: 'https://registry.npmjs.org/grunt-cli/-/grunt-cli-1.2.0.tgz' },
39 silly resolved     maintainers: [ [Object], [Object], [Object], [Object] ],
39 silly resolved     _npmOperationalInternal:
39 silly resolved      { host: 'packages-12-west.internal.npmjs.com',
39 silly resolved        tmp: 'tmp/grunt-cli-1.2.0.tgz_1459558434299_0.8824446983635426' },
39 silly resolved     directories: {},
39 silly resolved     _resolved: 'https://registry.npmjs.org/grunt-cli/-/grunt-cli-1.2.0.tgz',
39 silly resolved     readme: 'ERROR: No README data found!' } ]
40 info install grunt-cli@1.2.0 into /usr/local/lib
41 info installOne grunt-cli@1.2.0
42 verbose lib/node_modules/grunt-cli unbuild
43 info preuninstall grunt-cli@1.2.0
44 info uninstall grunt-cli@1.2.0
45 verbose true,/usr/local/lib/node_modules,/usr/local/lib/node_modules unbuild grunt-cli@1.2.0
46 verbose /usr/local/bin,[object Object] binRoot
47 verbose lib/node_modules/grunt-cli unbuild
48 info preuninstall grunt-cli@1.2.0
49 info uninstall grunt-cli@1.2.0
50 verbose true,/usr/local/lib/node_modules,/usr/local/lib/node_modules unbuild grunt-cli@1.2.0
51 verbose /usr/local/bin,[object Object] binRoot
52 error error rolling back Error: Refusing to delete: /usr/local/bin/grunt not in /usr/local/lib/node_modules/grunt-cli
52 error error rolling back     at clobberFail (/usr/share/npm/lib/utils/gently-rm.js:57:12)
52 error error rolling back     at next (/usr/share/npm/lib/utils/gently-rm.js:43:14)
52 error error rolling back     at /usr/share/npm/lib/utils/gently-rm.js:52:12
52 error error rolling back     at Object.oncomplete (evalmachine.<anonymous>:107:15)
52 error error rolling back  grunt-cli@1.2.0 { [Error: Refusing to delete: /usr/local/bin/grunt not in /usr/local/lib/node_modules/grunt-cli] code: 'EEXIST', path: '/usr/local/bin/grunt' }
53 error Refusing to delete: /usr/local/bin/grunt not in /usr/local/lib/node_modules/grunt-cli
File exists: /usr/local/bin/grunt
Move it away, and try again.
54 error System Linux 4.8.0-54-generic
55 error command "/usr/bin/nodejs" "/usr/bin/npm" "install" "-g" "grunt-cli"
56 error cwd /var/www/htdocs/themes/Frontend/TestTheme
57 error node -v v0.10.29
58 error npm -v 1.4.21
59 error path /usr/local/bin/grunt
60 error code EEXIST
61 verbose exit [ 1, true ]
